  main.cpp
D:\4-2 KUET\CSE 4208\Assignment\Auditorium\Auditorium\sphere.h(114,25): warning C4244: 'initializing': conversion from 'double' to 'float', possible loss of data
  (compiling source file 'main.cpp')
  
D:\4-2 KUET\CSE 4208\Assignment\Auditorium\Auditorium\sphere.h(115,25): warning C4244: 'initializing': conversion from 'double' to 'float', possible loss of data
  (compiling source file 'main.cpp')
  
D:\4-2 KUET\CSE 4208\Assignment\Auditorium\Auditorium\sphere.h(298,26): warning C4244: 'initializing': conversion from 'double' to 'float', possible loss of data
  (compiling source file 'main.cpp')
  
D:\4-2 KUET\CSE 4208\Assignment\Auditorium\Auditorium\sphere.h(299,25): warning C4244: 'initializing': conversion from 'double' to 'float', possible loss of data
  (compiling source file 'main.cpp')
  
D:\4-2 KUET\CSE 4208\Assignment\Auditorium\Auditorium\sphere.h(301,26): warning C4244: 'initializing': conversion from 'double' to 'float', possible loss of data
  (compiling source file 'main.cpp')
  
D:\4-2 KUET\CSE 4208\Assignment\Auditorium\Auditorium\main.cpp(950,60): warning C4305: 'argument': truncation from 'double' to 'float'
D:\4-2 KUET\CSE 4208\Assignment\Auditorium\Auditorium\main.cpp(950,53): warning C4305: 'argument': truncation from 'double' to 'float'
D:\4-2 KUET\CSE 4208\Assignment\Auditorium\Auditorium\main.cpp(950,46): warning C4305: 'argument': truncation from 'double' to 'float'
D:\4-2 KUET\CSE 4208\Assignment\Auditorium\Auditorium\main.cpp(956,60): warning C4305: 'argument': truncation from 'double' to 'float'
D:\4-2 KUET\CSE 4208\Assignment\Auditorium\Auditorium\main.cpp(956,53): warning C4305: 'argument': truncation from 'double' to 'float'
D:\4-2 KUET\CSE 4208\Assignment\Auditorium\Auditorium\main.cpp(956,46): warning C4305: 'argument': truncation from 'double' to 'float'
D:\4-2 KUET\CSE 4208\Assignment\Auditorium\Auditorium\main.cpp(992,64): warning C4305: 'argument': truncation from 'double' to 'float'
D:\4-2 KUET\CSE 4208\Assignment\Auditorium\Auditorium\main.cpp(992,57): warning C4305: 'argument': truncation from 'double' to 'float'
D:\4-2 KUET\CSE 4208\Assignment\Auditorium\Auditorium\main.cpp(992,50): warning C4305: 'argument': truncation from 'double' to 'float'
D:\4-2 KUET\CSE 4208\Assignment\Auditorium\Auditorium\main.cpp(998,64): warning C4305: 'argument': truncation from 'double' to 'float'
D:\4-2 KUET\CSE 4208\Assignment\Auditorium\Auditorium\main.cpp(998,57): warning C4305: 'argument': truncation from 'double' to 'float'
D:\4-2 KUET\CSE 4208\Assignment\Auditorium\Auditorium\main.cpp(998,50): warning C4305: 'argument': truncation from 'double' to 'float'
D:\4-2 KUET\CSE 4208\Assignment\Auditorium\Auditorium\main.cpp(1015,60): warning C4305: 'argument': truncation from 'double' to 'float'
D:\4-2 KUET\CSE 4208\Assignment\Auditorium\Auditorium\main.cpp(1015,53): warning C4305: 'argument': truncation from 'double' to 'float'
D:\4-2 KUET\CSE 4208\Assignment\Auditorium\Auditorium\main.cpp(1015,46): warning C4305: 'argument': truncation from 'double' to 'float'
D:\4-2 KUET\CSE 4208\Assignment\Auditorium\Auditorium\main.cpp(1022,60): warning C4305: 'argument': truncation from 'double' to 'float'
D:\4-2 KUET\CSE 4208\Assignment\Auditorium\Auditorium\main.cpp(1022,53): warning C4305: 'argument': truncation from 'double' to 'float'
D:\4-2 KUET\CSE 4208\Assignment\Auditorium\Auditorium\main.cpp(1022,46): warning C4305: 'argument': truncation from 'double' to 'float'
D:\4-2 KUET\CSE 4208\Assignment\Auditorium\Auditorium\main.cpp(1040,60): warning C4305: 'argument': truncation from 'double' to 'float'
D:\4-2 KUET\CSE 4208\Assignment\Auditorium\Auditorium\main.cpp(1040,53): warning C4305: 'argument': truncation from 'double' to 'float'
D:\4-2 KUET\CSE 4208\Assignment\Auditorium\Auditorium\main.cpp(1040,46): warning C4305: 'argument': truncation from 'double' to 'float'
D:\4-2 KUET\CSE 4208\Assignment\Auditorium\Auditorium\main.cpp(1047,60): warning C4305: 'argument': truncation from 'double' to 'float'
D:\4-2 KUET\CSE 4208\Assignment\Auditorium\Auditorium\main.cpp(1047,53): warning C4305: 'argument': truncation from 'double' to 'float'
D:\4-2 KUET\CSE 4208\Assignment\Auditorium\Auditorium\main.cpp(1047,46): warning C4305: 'argument': truncation from 'double' to 'float'
D:\4-2 KUET\CSE 4208\Assignment\Auditorium\Auditorium\main.cpp(1065,60): warning C4305: 'argument': truncation from 'double' to 'float'
D:\4-2 KUET\CSE 4208\Assignment\Auditorium\Auditorium\main.cpp(1065,53): warning C4305: 'argument': truncation from 'double' to 'float'
D:\4-2 KUET\CSE 4208\Assignment\Auditorium\Auditorium\main.cpp(1065,46): warning C4305: 'argument': truncation from 'double' to 'float'
D:\4-2 KUET\CSE 4208\Assignment\Auditorium\Auditorium\main.cpp(1072,60): warning C4305: 'argument': truncation from 'double' to 'float'
D:\4-2 KUET\CSE 4208\Assignment\Auditorium\Auditorium\main.cpp(1072,53): warning C4305: 'argument': truncation from 'double' to 'float'
D:\4-2 KUET\CSE 4208\Assignment\Auditorium\Auditorium\main.cpp(1072,46): warning C4305: 'argument': truncation from 'double' to 'float'
D:\4-2 KUET\CSE 4208\Assignment\Auditorium\Auditorium\main.cpp(1302,44): warning C4305: '-=': truncation from 'double' to 'float'
D:\4-2 KUET\CSE 4208\Assignment\Auditorium\Auditorium\main.cpp(1303,49): warning C4305: '-=': truncation from 'double' to 'float'
D:\4-2 KUET\CSE 4208\Assignment\Auditorium\Auditorium\main.cpp(1304,31): warning C4305: '-=': truncation from 'double' to 'float'
  Auditorium.vcxproj -> D:\4-2 KUET\CSE 4208\Assignment\Auditorium\Auditorium\x64\Debug\Auditorium.exe
